<?xml version="1.0" encoding="UTF-8"?>
<robot generator="Rebot 3.2.2 (Python 3.9.2 on win32)" generated="20210225 13:56:49.341" rpa="false">
    <suite id="s1" name="Suites">
        <suite id="s1-s1" name="TC1" source="D:\pythonPro\TestCases\TC1.robot">
            <test id="s1-s1-t1" name="LoginTest">
                <kw name="Login">
                    <kw name="Open Browser" library="SeleniumLibrary">
                        <doc>Opens a new browser instance to the optional ``url``.</doc>
                        <arguments>
                            <arg>${url}</arg>
                            <arg>${browser}</arg>
                        </arguments>
                        <msg timestamp="20210225 13:54:48.339" level="INFO">Opening browser 'chrome' to base url
                            'https://www.facebook.com/public/Fb-Login'.
                        </msg>
                        <status status="PASS" starttime="20210225 13:54:48.339"
                                endtime="20210225 13:55:31.106"></status>
                    </kw>
                    <kw name="Input Text" library="SeleniumLibrary">
                        <doc>Types the given ``text`` into the text field identified by ``locator``.</doc>
                        <arguments>
                            <arg>id:email</arg>
                            <arg>ab@g.com</arg>
                        </arguments>
                        <msg timestamp="20210225 13:55:31.106" level="INFO">Typing text 'ab@g.com' into text field
                            'id:email'.
                        </msg>
                        <status status="PASS" starttime="20210225 13:55:31.106"
                                endtime="20210225 13:55:32.070"></status>
                    </kw>
                    <kw name="Input Text" library="SeleniumLibrary">
                        <doc>Types the given ``text`` into the text field identified by ``locator``.</doc>
                        <arguments>
                            <arg>id:pass</arg>
                            <arg>abcgd</arg>
                        </arguments>
                        <msg timestamp="20210225 13:55:32.070" level="INFO">Typing text 'abcgd' into text field
                            'id:pass'.
                        </msg>
                        <status status="PASS" starttime="20210225 13:55:32.070"
                                endtime="20210225 13:55:32.198"></status>
                    </kw>
                    <kw name="Click Element" library="SeleniumLibrary">
                        <doc>Click the element identified by ``locator``.</doc>
                        <arguments>
                            <arg>id:loginbutton</arg>
                        </arguments>
                        <msg timestamp="20210225 13:55:32.198" level="INFO">Clicking element 'id:loginbutton'.</msg>
                        <status status="PASS" starttime="20210225 13:55:32.198"
                                endtime="20210225 13:55:32.555"></status>
                    </kw>
                    <status status="PASS" starttime="20210225 13:54:48.339" endtime="20210225 13:55:32.555"></status>
                </kw>
                <kw name="Close Browser" library="SeleniumLibrary">
                    <doc>Closes the current browser.</doc>
                    <status status="PASS" starttime="20210225 13:55:32.555" endtime="20210225 13:55:35.123"></status>
                </kw>
                <status status="PASS" starttime="20210225 13:54:48.339" endtime="20210225 13:55:35.123"
                        critical="yes"></status>
            </test>
            <status status="PASS" starttime="20210225 13:54:47.251" endtime="20210225 13:55:35.123"></status>
        </suite>
        <suite id="s1-s2" name="TC2" source="D:\pythonPro\TestCases\TC2.robot">
            <test id="s1-s2-t1" name="LoginTest">
                <kw name="Login">
                    <kw name="Open Browser" library="SeleniumLibrary">
                        <doc>Opens a new browser instance to the optional ``url``.</doc>
                        <arguments>
                            <arg>${url}</arg>
                            <arg>${browser}</arg>
                        </arguments>
                        <msg timestamp="20210225 13:54:48.339" level="INFO">Opening browser 'chrome' to base url
                            'https://www.codecademy.com/'.
                        </msg>
                        <status status="PASS" starttime="20210225 13:54:48.339"
                                endtime="20210225 13:55:36.692"></status>
                    </kw>
                    <kw name="Maximize Browser Window" library="SeleniumLibrary">
                        <doc>Maximizes current browser window.</doc>
                        <status status="PASS" starttime="20210225 13:55:36.692"
                                endtime="20210225 13:55:36.868"></status>
                    </kw>
                    <kw name="Set Selenium Timeout" library="SeleniumLibrary">
                        <doc>Sets the timeout that is used by various keywords.</doc>
                        <arguments>
                            <arg>20 seconds</arg>
                        </arguments>
                        <status status="PASS" starttime="20210225 13:55:36.868"
                                endtime="20210225 13:55:36.875"></status>
                    </kw>
                    <kw name="Title Should Be" library="SeleniumLibrary">
                        <doc>Verifies that the current page title equals ``title``.</doc>
                        <arguments>
                            <arg>Learn to Code - for Free | Codecademy</arg>
                        </arguments>
                        <msg timestamp="20210225 13:55:36.939" level="INFO">Page title is 'Learn to Code - for Free |
                            Codecademy'.
                        </msg>
                        <status status="PASS" starttime="20210225 13:55:36.875"
                                endtime="20210225 13:55:36.939"></status>
                    </kw>
                    <kw name="Input Text" library="SeleniumLibrary">
                        <doc>Types the given ``text`` into the text field identified by ``locator``.</doc>
                        <arguments>
                            <arg>name:email</arg>
                            <arg>ab@g.com</arg>
                        </arguments>
                        <msg timestamp="20210225 13:55:36.939" level="INFO">Typing text 'ab@g.com' into text field
                            'name:email'.
                        </msg>
                        <status status="PASS" starttime="20210225 13:55:36.939"
                                endtime="20210225 13:55:37.139"></status>
                    </kw>
                    <kw name="Click Element" library="SeleniumLibrary">
                        <doc>Click the element identified by ``locator``.</doc>
                        <arguments>
                            <arg>xpath:((//a//span[contains(text(),'Log in')])[1])</arg>
                        </arguments>
                        <msg timestamp="20210225 13:55:37.139" level="INFO">Clicking element
                            'xpath:((//a//span[contains(text(),'Log in')])[1])'.
                        </msg>
                        <status status="PASS" starttime="20210225 13:55:37.139"
                                endtime="20210225 13:55:42.509"></status>
                    </kw>
                    <kw name="Input Text" library="SeleniumLibrary">
                        <doc>Types the given ``text`` into the text field identified by ``locator``.</doc>
                        <arguments>
                            <arg>id:user_login</arg>
                            <arg>ab@g.com</arg>
                        </arguments>
                        <msg timestamp="20210225 13:55:42.509" level="INFO">Typing text 'ab@g.com' into text field
                            'id:user_login'.
                        </msg>
                        <status status="PASS" starttime="20210225 13:55:42.509"
                                endtime="20210225 13:55:43.434"></status>
                    </kw>
                    <kw name="Input Text" library="SeleniumLibrary">
                        <doc>Types the given ``text`` into the text field identified by ``locator``.</doc>
                        <arguments>
                            <arg>id:login__user_password</arg>
                            <arg>abcom</arg>
                        </arguments>
                        <msg timestamp="20210225 13:55:43.434" level="INFO">Typing text 'abcom' into text field
                            'id:login__user_password'.
                        </msg>
                        <status status="PASS" starttime="20210225 13:55:43.434"
                                endtime="20210225 13:55:43.690"></status>
                    </kw>
                    <kw name="Click Element" library="SeleniumLibrary">
                        <doc>Click the element identified by ``locator``.</doc>
                        <arguments>
                            <arg>id:user_submit</arg>
                        </arguments>
                        <msg timestamp="20210225 13:55:43.690" level="INFO">Clicking element 'id:user_submit'.</msg>
                        <status status="PASS" starttime="20210225 13:55:43.690"
                                endtime="20210225 13:55:50.496"></status>
                    </kw>
                    <kw name="Get Text" library="SeleniumLibrary">
                        <doc>Returns the text value of the element identified by ``locator``.</doc>
                        <arguments>
                            <arg>xpath=//ul[contains(@class,'fieldErrors')]/li</arg>
                        </arguments>
                        <assign>
                            <var>${errmsgAct}</var>
                        </assign>
                        <msg timestamp="20210225 13:55:50.944" level="INFO">${errmsgAct} = Invalid Login or password.
                        </msg>
                        <status status="PASS" starttime="20210225 13:55:50.496"
                                endtime="20210225 13:55:50.944"></status>
                    </kw>
                    <kw name="Should Be Equal As Strings" library="BuiltIn">
                        <doc>Fails if objects are unequal after converting them to strings.</doc>
                        <arguments>
                            <arg>${errmsgExp}</arg>
                            <arg>${errmsgAct}</arg>
                        </arguments>
                        <msg timestamp="20210225 13:55:50.944" level="FAIL">Invalid Login or passworz. != Invalid Login
                            or password.
                        </msg>
                        <status status="FAIL" starttime="20210225 13:55:50.944"
                                endtime="20210225 13:55:50.944"></status>
                    </kw>
                    <status status="FAIL" starttime="20210225 13:54:48.339" endtime="20210225 13:55:50.944"></status>
                </kw>
                <status status="FAIL" starttime="20210225 13:54:48.339" endtime="20210225 13:55:50.944" critical="yes">
                    Invalid Login or passworz. != Invalid Login or password.
                </status>
            </test>
            <status status="FAIL" starttime="20210225 13:54:47.251" endtime="20210225 13:55:50.944"></status>
        </suite>
        <suite id="s1-s3" name="TC3" source="D:\pythonPro\TestCases\TC3.robot">
            <test id="s1-s3-t1" name="LoginTest">
                <kw name="Login">
                    <kw name="Open Browser" library="SeleniumLibrary">
                        <doc>Opens a new browser instance to the optional ``url``.</doc>
                        <arguments>
                            <arg>${url}</arg>
                            <arg>${browser}</arg>
                        </arguments>
                        <msg timestamp="20210225 13:55:37.235" level="INFO">Opening browser 'chrome' to base url
                            'https://www.codecademy.com/'.
                        </msg>
                        <status status="PASS" starttime="20210225 13:55:37.235"
                                endtime="20210225 13:56:06.201"></status>
                    </kw>
                    <kw name="Maximize Browser Window" library="SeleniumLibrary">
                        <doc>Maximizes current browser window.</doc>
                        <status status="PASS" starttime="20210225 13:56:06.201"
                                endtime="20210225 13:56:06.393"></status>
                    </kw>
                    <kw name="Set Selenium Implicit Wait" library="SeleniumLibrary">
                        <doc>Sets the implicit wait value used by Selenium.</doc>
                        <arguments>
                            <arg>30</arg>
                        </arguments>
                        <status status="PASS" starttime="20210225 13:56:06.393"
                                endtime="20210225 13:56:06.401"></status>
                    </kw>
                    <kw name="Title Should Be" library="SeleniumLibrary">
                        <doc>Verifies that the current page title equals ``title``.</doc>
                        <arguments>
                            <arg>Learn to Code - for Free | Codecademy</arg>
                        </arguments>
                        <msg timestamp="20210225 13:56:06.425" level="INFO">Page title is 'Learn to Code - for Free |
                            Codecademy'.
                        </msg>
                        <status status="PASS" starttime="20210225 13:56:06.401"
                                endtime="20210225 13:56:06.425"></status>
                    </kw>
                    <kw name="Input Text" library="SeleniumLibrary">
                        <doc>Types the given ``text`` into the text field identified by ``locator``.</doc>
                        <arguments>
                            <arg>name:email</arg>
                            <arg>ab@g.com</arg>
                        </arguments>
                        <msg timestamp="20210225 13:56:06.425" level="INFO">Typing text 'ab@g.com' into text field
                            'name:email'.
                        </msg>
                        <status status="PASS" starttime="20210225 13:56:06.425"
                                endtime="20210225 13:56:06.870"></status>
                    </kw>
                    <kw name="Click Element" library="SeleniumLibrary">
                        <doc>Click the element identified by ``locator``.</doc>
                        <arguments>
                            <arg>xpath:((//a//span[contains(text(),'Log in')])[1])</arg>
                        </arguments>
                        <msg timestamp="20210225 13:56:06.870" level="INFO">Clicking element
                            'xpath:((//a//span[contains(text(),'Log in')])[1])'.
                        </msg>
                        <status status="PASS" starttime="20210225 13:56:06.870"
                                endtime="20210225 13:56:15.326"></status>
                    </kw>
                    <kw name="Input Text" library="SeleniumLibrary">
                        <doc>Types the given ``text`` into the text field identified by ``locator``.</doc>
                        <arguments>
                            <arg>id:user_login</arg>
                            <arg>ab@g.com</arg>
                        </arguments>
                        <msg timestamp="20210225 13:56:15.326" level="INFO">Typing text 'ab@g.com' into text field
                            'id:user_login'.
                        </msg>
                        <status status="PASS" starttime="20210225 13:56:15.326"
                                endtime="20210225 13:56:15.558"></status>
                    </kw>
                    <kw name="Input Text" library="SeleniumLibrary">
                        <doc>Types the given ``text`` into the text field identified by ``locator``.</doc>
                        <arguments>
                            <arg>id:login__user_password</arg>
                            <arg>abcom</arg>
                        </arguments>
                        <msg timestamp="20210225 13:56:15.558" level="INFO">Typing text 'abcom' into text field
                            'id:login__user_password'.
                        </msg>
                        <status status="PASS" starttime="20210225 13:56:15.558"
                                endtime="20210225 13:56:15.694"></status>
                    </kw>
                    <kw name="Click Element" library="SeleniumLibrary">
                        <doc>Click the element identified by ``locator``.</doc>
                        <arguments>
                            <arg>idcls</arg>
                        </arguments>
                        <msg timestamp="20210225 13:56:15.694" level="INFO">Clicking element 'idcls'.</msg>
                        <kw name="Capture Page Screenshot" library="SeleniumLibrary">
                            <doc>Takes a screenshot of the current page and embeds it into a log file.</doc>
                            <msg timestamp="20210225 13:56:46.179" level="INFO" html="yes">&lt;/td&gt;&lt;/tr&gt;&lt;tr&gt;&lt;td
                                colspan="3"&gt;&lt;a href="2-selenium-screenshot-1.png"&gt;&lt;img
                                src="2-selenium-screenshot-1.png" width="800px"&gt;&lt;/a&gt;
                            </msg>
                            <status status="PASS" starttime="20210225 13:56:45.738"
                                    endtime="20210225 13:56:46.179"></status>
                        </kw>
                        <msg timestamp="20210225 13:56:47.312" level="FAIL">Element with locator 'idcls' not found.
                        </msg>
                        <status status="FAIL" starttime="20210225 13:56:15.694"
                                endtime="20210225 13:56:47.312"></status>
                    </kw>
                    <status status="FAIL" starttime="20210225 13:55:37.235" endtime="20210225 13:56:47.312"></status>
                </kw>
                <status status="FAIL" starttime="20210225 13:55:37.235" endtime="20210225 13:56:47.312" critical="yes">
                    Element with locator 'idcls' not found.
                </status>
            </test>
            <status status="FAIL" starttime="20210225 13:55:36.724" endtime="20210225 13:56:47.312"></status>
        </suite>
        <suite id="s1-s4" name="TC4" source="D:\pythonPro\TestCases\TC4.robot">
            <test id="s1-s4-t1" name="LoginTest">
                <kw name="Login">
                    <kw name="Open Browser" library="SeleniumLibrary">
                        <doc>Opens a new browser instance to the optional ``url``.</doc>
                        <arguments>
                            <arg>${url}</arg>
                            <arg>${browser}</arg>
                        </arguments>
                        <msg timestamp="20210225 13:55:53.137" level="INFO">Opening browser 'chrome' to base url
                            'https://www.facebook.com/r.php'.
                        </msg>
                        <status status="PASS" starttime="20210225 13:55:53.137"
                                endtime="20210225 13:56:31.010"></status>
                    </kw>
                    <kw name="Title Should Be" library="SeleniumLibrary">
                        <doc>Verifies that the current page title equals ``title``.</doc>
                        <arguments>
                            <arg>Sign up for Facebook | Facebook</arg>
                        </arguments>
                        <msg timestamp="20210225 13:56:31.018" level="INFO">Page title is 'Sign up for Facebook |
                            Facebook'.
                        </msg>
                        <status status="PASS" starttime="20210225 13:56:31.010"
                                endtime="20210225 13:56:31.018"></status>
                    </kw>
                    <kw name="Set Selenium Implicit Wait" library="SeleniumLibrary">
                        <doc>Sets the implicit wait value used by Selenium.</doc>
                        <arguments>
                            <arg>30</arg>
                        </arguments>
                        <status status="PASS" starttime="20210225 13:56:31.018"
                                endtime="20210225 13:56:31.018"></status>
                    </kw>
                    <kw name="Input Text" library="SeleniumLibrary">
                        <doc>Types the given ``text`` into the text field identified by ``locator``.</doc>
                        <arguments>
                            <arg>name:firstname</arg>
                            <arg>fname</arg>
                        </arguments>
                        <msg timestamp="20210225 13:56:31.018" level="INFO">Typing text 'fname' into text field
                            'name:firstname'.
                        </msg>
                        <status status="PASS" starttime="20210225 13:56:31.018"
                                endtime="20210225 13:56:31.202"></status>
                    </kw>
                    <kw name="Input Text" library="SeleniumLibrary">
                        <doc>Types the given ``text`` into the text field identified by ``locator``.</doc>
                        <arguments>
                            <arg>name:lastname</arg>
                            <arg>lname</arg>
                        </arguments>
                        <msg timestamp="20210225 13:56:31.202" level="INFO">Typing text 'lname' into text field
                            'name:lastname'.
                        </msg>
                        <status status="PASS" starttime="20210225 13:56:31.202"
                                endtime="20210225 13:56:31.394"></status>
                    </kw>
                    <kw name="Input Text" library="SeleniumLibrary">
                        <doc>Types the given ``text`` into the text field identified by ``locator``.</doc>
                        <arguments>
                            <arg>name:reg_email__</arg>
                            <arg>2434232</arg>
                        </arguments>
                        <msg timestamp="20210225 13:56:31.402" level="INFO">Typing text '2434232' into text field
                            'name:reg_email__'.
                        </msg>
                        <status status="PASS" starttime="20210225 13:56:31.394"
                                endtime="20210225 13:56:31.562"></status>
                    </kw>
                    <kw name="Input Password" library="SeleniumLibrary">
                        <doc>Types the given password into the text field identified by ``locator``.</doc>
                        <arguments>
                            <arg>id:password_step_input</arg>
                            <arg>password</arg>
                        </arguments>
                        <msg timestamp="20210225 13:56:31.562" level="INFO">Typing password into text field
                            'id:password_step_input'.
                        </msg>
                        <msg timestamp="20210225 13:56:31.642" level="INFO">Temporally setting log level to: NONE</msg>
                        <msg timestamp="20210225 13:56:31.730" level="INFO">Log level changed from NONE to INFO.</msg>
                        <status status="PASS" starttime="20210225 13:56:31.562"
                                endtime="20210225 13:56:31.730"></status>
                    </kw>
                    <kw name="Select From List By Label" library="SeleniumLibrary">
                        <doc>Selects options from selection list ``locator`` by ``labels``.</doc>
                        <arguments>
                            <arg>day</arg>
                            <arg>12</arg>
                        </arguments>
                        <msg timestamp="20210225 13:56:31.730" level="INFO">Selecting options from selection list 'day'
                            by label 12.
                        </msg>
                        <status status="PASS" starttime="20210225 13:56:31.730"
                                endtime="20210225 13:56:32.518"></status>
                    </kw>
                    <kw name="Select From List By Label" library="SeleniumLibrary">
                        <doc>Selects options from selection list ``locator`` by ``labels``.</doc>
                        <arguments>
                            <arg>month</arg>
                            <arg>Jan</arg>
                        </arguments>
                        <msg timestamp="20210225 13:56:32.518" level="INFO">Selecting options from selection list
                            'month' by label Jan.
                        </msg>
                        <status status="PASS" starttime="20210225 13:56:32.518"
                                endtime="20210225 13:56:32.617"></status>
                    </kw>
                    <kw name="Select From List By Label" library="SeleniumLibrary">
                        <doc>Selects options from selection list ``locator`` by ``labels``.</doc>
                        <arguments>
                            <arg>year</arg>
                            <arg>1990</arg>
                        </arguments>
                        <msg timestamp="20210225 13:56:32.617" level="INFO">Selecting options from selection list 'year'
                            by label 1990.
                        </msg>
                        <status status="PASS" starttime="20210225 13:56:32.617"
                                endtime="20210225 13:56:32.748"></status>
                    </kw>
                    <kw name="Select Radio Button" library="SeleniumLibrary">
                        <doc>Sets the radio button group ``group_name`` to ``value``.</doc>
                        <arguments>
                            <arg>sex</arg>
                            <arg>2</arg>
                        </arguments>
                        <msg timestamp="20210225 13:56:32.748" level="INFO">Selecting '2' from radio button 'sex'.</msg>
                        <status status="PASS" starttime="20210225 13:56:32.748"
                                endtime="20210225 13:56:32.847"></status>
                    </kw>
                    <kw name="Click Element" library="SeleniumLibrary">
                        <doc>Click the element identified by ``locator``.</doc>
                        <arguments>
                            <arg>name:websubmit</arg>
                        </arguments>
                        <msg timestamp="20210225 13:56:32.847" level="INFO">Clicking element 'name:websubmit'.</msg>
                        <status status="PASS" starttime="20210225 13:56:32.847"
                                endtime="20210225 13:56:32.942"></status>
                    </kw>
                    <kw name="Get Text" library="SeleniumLibrary">
                        <doc>Returns the text value of the element identified by ``locator``.</doc>
                        <arguments>
                            <arg>xpath=//div[contains(text(),'valid mobile number ')]</arg>
                        </arguments>
                        <assign>
                            <var>${errmsgAct}</var>
                        </assign>
                        <msg timestamp="20210225 13:56:33.436" level="INFO">${errmsgAct} = Please enter a valid mobile
                            number or email address.
                        </msg>
                        <status status="PASS" starttime="20210225 13:56:32.942"
                                endtime="20210225 13:56:33.436"></status>
                    </kw>
                    <kw name="Should Be Equal As Strings" library="BuiltIn">
                        <doc>Fails if objects are unequal after converting them to strings.</doc>
                        <arguments>
                            <arg>${errmsgExp}</arg>
                            <arg>${errmsgAct}</arg>
                        </arguments>
                        <status status="PASS" starttime="20210225 13:56:33.436"
                                endtime="20210225 13:56:33.436"></status>
                    </kw>
                    <status status="PASS" starttime="20210225 13:55:53.137" endtime="20210225 13:56:33.436"></status>
                </kw>
                <kw name="Close Browser" library="SeleniumLibrary">
                    <doc>Closes the current browser.</doc>
                    <status status="PASS" starttime="20210225 13:56:33.436" endtime="20210225 13:56:37.069"></status>
                </kw>
                <status status="PASS" starttime="20210225 13:55:53.129" endtime="20210225 13:56:37.069"
                        critical="yes"></status>
            </test>
            <status status="PASS" starttime="20210225 13:55:52.617" endtime="20210225 13:56:37.069"></status>
        </suite>
        <doc>[https://pabot.org/?ref=log|Pabot] result from 4 executions.</doc>
        <status status="FAIL" starttime="20210225 13:54:47.171" endtime="20210225 13:56:47.400"></status>
    </suite>
    <statistics>
        <total>
            <stat pass="2" fail="2">Critical Tests</stat>
            <stat pass="2" fail="2">All Tests</stat>
        </total>
        <tag>
        </tag>
        <suite>
            <stat pass="2" fail="2" id="s1" name="Suites">Suites</stat>
            <stat pass="1" fail="0" id="s1-s1" name="TC1">Suites.TC1</stat>
            <stat pass="0" fail="1" id="s1-s2" name="TC2">Suites.TC2</stat>
            <stat pass="0" fail="1" id="s1-s3" name="TC3">Suites.TC3</stat>
            <stat pass="1" fail="0" id="s1-s4" name="TC4">Suites.TC4</stat>
        </suite>
    </statistics>
    <errors>
    </errors>
</robot>
