<?xml version="1.0" encoding="UTF-8"?>
<robot generator="Robot 3.2.2 (Python 3.9.2 on win32)" generated="20210225 19:39:08.783" rpa="false">
    <suite id="s1" name="Suites">
        <suite id="s1-s1" name="TC3" source="D:\pythonPro\TestCases\TC3.robot">
            <test id="s1-s1-t1" name="LoginTest">
                <kw name="Login">
                    <kw name="Open Browser" library="SeleniumLibrary">
                        <doc>Opens a new browser instance to the optional ``url``.</doc>
                        <arguments>
                            <arg>${url}</arg>
                            <arg>${browser}</arg>
                        </arguments>
                        <msg timestamp="20210225 19:39:11.755" level="INFO">Opening browser 'chrome' to base url
                            'https://www.codecademy.com/'.
                        </msg>
                        <status status="PASS" starttime="20210225 19:39:11.755"
                                endtime="20210225 19:40:00.773"></status>
                    </kw>
                    <kw name="Maximize Browser Window" library="SeleniumLibrary">
                        <doc>Maximizes current browser window.</doc>
                        <status status="PASS" starttime="20210225 19:40:00.773"
                                endtime="20210225 19:40:01.021"></status>
                    </kw>
                    <kw name="Set Selenium Implicit Wait" library="SeleniumLibrary">
                        <doc>Sets the implicit wait value used by Selenium.</doc>
                        <arguments>
                            <arg>30</arg>
                        </arguments>
                        <status status="PASS" starttime="20210225 19:40:01.021"
                                endtime="20210225 19:40:01.037"></status>
                    </kw>
                    <kw name="Title Should Be" library="SeleniumLibrary">
                        <doc>Verifies that the current page title equals ``title``.</doc>
                        <arguments>
                            <arg>Learn to Code - for Free | Codecademy</arg>
                        </arguments>
                        <msg timestamp="20210225 19:40:01.069" level="INFO">Page title is 'Learn to Code - for Free |
                            Codecademy'.
                        </msg>
                        <status status="PASS" starttime="20210225 19:40:01.037"
                                endtime="20210225 19:40:01.069"></status>
                    </kw>
                    <kw name="Input Text" library="SeleniumLibrary">
                        <doc>Types the given ``text`` into the text field identified by ``locator``.</doc>
                        <arguments>
                            <arg>name:email</arg>
                            <arg>ab@g.com</arg>
                        </arguments>
                        <msg timestamp="20210225 19:40:01.069" level="INFO">Typing text 'ab@g.com' into text field
                            'name:email'.
                        </msg>
                        <status status="PASS" starttime="20210225 19:40:01.069"
                                endtime="20210225 19:40:01.293"></status>
                    </kw>
                    <kw name="Click Element" library="SeleniumLibrary">
                        <doc>Click the element identified by ``locator``.</doc>
                        <arguments>
                            <arg>xpath:((//a//span[contains(text(),'Log in')])[1])</arg>
                        </arguments>
                        <msg timestamp="20210225 19:40:01.293" level="INFO">Clicking element
                            'xpath:((//a//span[contains(text(),'Log in')])[1])'.
                        </msg>
                        <status status="PASS" starttime="20210225 19:40:01.293"
                                endtime="20210225 19:40:06.886"></status>
                    </kw>
                    <kw name="Input Text" library="SeleniumLibrary">
                        <doc>Types the given ``text`` into the text field identified by ``locator``.</doc>
                        <arguments>
                            <arg>id:user_login</arg>
                            <arg>ab@g.com</arg>
                        </arguments>
                        <msg timestamp="20210225 19:40:06.886" level="INFO">Typing text 'ab@g.com' into text field
                            'id:user_login'.
                        </msg>
                        <status status="PASS" starttime="20210225 19:40:06.886"
                                endtime="20210225 19:40:07.166"></status>
                    </kw>
                    <kw name="Input Text" library="SeleniumLibrary">
                        <doc>Types the given ``text`` into the text field identified by ``locator``.</doc>
                        <arguments>
                            <arg>id:login__user_password</arg>
                            <arg>abcom</arg>
                        </arguments>
                        <msg timestamp="20210225 19:40:07.166" level="INFO">Typing text 'abcom' into text field
                            'id:login__user_password'.
                        </msg>
                        <status status="PASS" starttime="20210225 19:40:07.166"
                                endtime="20210225 19:40:07.622"></status>
                    </kw>
                    <kw name="Click Element" library="SeleniumLibrary">
                        <doc>Click the element identified by ``locator``.</doc>
                        <arguments>
                            <arg>id:user_submit</arg>
                        </arguments>
                        <msg timestamp="20210225 19:40:07.622" level="INFO">Clicking element 'id:user_submit'.</msg>
                        <status status="PASS" starttime="20210225 19:40:07.622"
                                endtime="20210225 19:40:14.577"></status>
                    </kw>
                    <kw name="Get Text" library="SeleniumLibrary">
                        <doc>Returns the text value of the element identified by ``locator``.</doc>
                        <arguments>
                            <arg>xpath=//ul[contains(@class,'fieldErrors')]/li</arg>
                        </arguments>
                        <assign>
                            <var>${errmsgAct}</var>
                        </assign>
                        <msg timestamp="20210225 19:40:15.053" level="INFO">${errmsgAct} = Invalid Login or password.
                        </msg>
                        <status status="PASS" starttime="20210225 19:40:14.577"
                                endtime="20210225 19:40:15.053"></status>
                    </kw>
                    <kw name="Should Be Equal As Strings" library="BuiltIn">
                        <doc>Fails if objects are unequal after converting them to strings.</doc>
                        <arguments>
                            <arg>${errmsgExp}</arg>
                            <arg>${errmsgAct}</arg>
                        </arguments>
                        <status status="PASS" starttime="20210225 19:40:15.053"
                                endtime="20210225 19:40:15.053"></status>
                    </kw>
                    <status status="PASS" starttime="20210225 19:39:11.755" endtime="20210225 19:40:15.053"></status>
                </kw>
                <kw name="Close Browser" library="SeleniumLibrary">
                    <doc>Closes the current browser.</doc>
                    <status status="PASS" starttime="20210225 19:40:15.053" endtime="20210225 19:40:22.282"></status>
                </kw>
                <status status="PASS" starttime="20210225 19:39:11.755" endtime="20210225 19:40:22.282"
                        critical="yes"></status>
            </test>
            <status status="PASS" starttime="20210225 19:39:08.877" endtime="20210225 19:40:22.282"></status>
        </suite>
        <status status="PASS" starttime="20210225 19:39:08.783" endtime="20210225 19:40:22.282"></status>
    </suite>
    <statistics>
        <total>
            <stat pass="1" fail="0">Critical Tests</stat>
            <stat pass="1" fail="0">All Tests</stat>
        </total>
        <tag>
        </tag>
        <suite>
            <stat pass="1" fail="0" id="s1" name="Suites">Suites</stat>
            <stat pass="1" fail="0" id="s1-s1" name="TC3">Suites.TC3</stat>
        </suite>
    </statistics>
    <errors>
    </errors>
</robot>
