<?xml version="1.0" encoding="UTF-8"?>
<robot generator="Robot 3.2.2 (Python 3.9.2 on win32)" generated="20210225 19:39:08.783" rpa="false">
    <suite id="s1" name="Suites">
        <suite id="s1-s1" name="TC2" source="D:\pythonPro\TestCases\TC2.robot">
            <test id="s1-s1-t1" name="LoginTest">
                <kw name="Login">
                    <kw name="Open Browser" library="SeleniumLibrary">
                        <doc>Opens a new browser instance to the optional ``url``.</doc>
                        <arguments>
                            <arg>${url}</arg>
                            <arg>${browser}</arg>
                        </arguments>
                        <msg timestamp="20210225 19:39:11.802" level="INFO">Opening browser 'chrome' to base url
                            'https://www.codecademy.com/'.
                        </msg>
                        <status status="PASS" starttime="20210225 19:39:11.786"
                                endtime="20210225 19:40:00.393"></status>
                    </kw>
                    <kw name="Maximize Browser Window" library="SeleniumLibrary">
                        <doc>Maximizes current browser window.</doc>
                        <status status="PASS" starttime="20210225 19:40:00.393"
                                endtime="20210225 19:40:00.569"></status>
                    </kw>
                    <kw name="Set Selenium Timeout" library="SeleniumLibrary">
                        <doc>Sets the timeout that is used by various keywords.</doc>
                        <arguments>
                            <arg>20 seconds</arg>
                        </arguments>
                        <status status="PASS" starttime="20210225 19:40:00.569"
                                endtime="20210225 19:40:00.569"></status>
                    </kw>
                    <kw name="Title Should Be" library="SeleniumLibrary">
                        <doc>Verifies that the current page title equals ``title``.</doc>
                        <arguments>
                            <arg>Learn to Code - for Free | Codecademy</arg>
                        </arguments>
                        <msg timestamp="20210225 19:40:00.709" level="INFO">Page title is 'Learn to Code - for Free |
                            Codecademy'.
                        </msg>
                        <status status="PASS" starttime="20210225 19:40:00.569"
                                endtime="20210225 19:40:00.709"></status>
                    </kw>
                    <kw name="Input Text" library="SeleniumLibrary">
                        <doc>Types the given ``text`` into the text field identified by ``locator``.</doc>
                        <arguments>
                            <arg>name:email</arg>
                            <arg>ab@g.com</arg>
                        </arguments>
                        <msg timestamp="20210225 19:40:00.709" level="INFO">Typing text 'ab@g.com' into text field
                            'name:email'.
                        </msg>
                        <status status="PASS" starttime="20210225 19:40:00.709"
                                endtime="20210225 19:40:01.085"></status>
                    </kw>
                    <kw name="Click Element" library="SeleniumLibrary">
                        <doc>Click the element identified by ``locator``.</doc>
                        <arguments>
                            <arg>xpath:((//a//span[contains(text(),'Log in')])[1])</arg>
                        </arguments>
                        <msg timestamp="20210225 19:40:01.093" level="INFO">Clicking element
                            'xpath:((//a//span[contains(text(),'Log in')])[1])'.
                        </msg>
                        <status status="PASS" starttime="20210225 19:40:01.093"
                                endtime="20210225 19:40:06.314"></status>
                    </kw>
                    <kw name="Input Text" library="SeleniumLibrary">
                        <doc>Types the given ``text`` into the text field identified by ``locator``.</doc>
                        <arguments>
                            <arg>id:user_login</arg>
                            <arg>ab@g.com</arg>
                        </arguments>
                        <msg timestamp="20210225 19:40:06.314" level="INFO">Typing text 'ab@g.com' into text field
                            'id:user_login'.
                        </msg>
                        <status status="PASS" starttime="20210225 19:40:06.314"
                                endtime="20210225 19:40:06.562"></status>
                    </kw>
                    <kw name="Input Text" library="SeleniumLibrary">
                        <doc>Types the given ``text`` into the text field identified by ``locator``.</doc>
                        <arguments>
                            <arg>id:login__user_password</arg>
                            <arg>abcom</arg>
                        </arguments>
                        <msg timestamp="20210225 19:40:06.562" level="INFO">Typing text 'abcom' into text field
                            'id:login__user_password'.
                        </msg>
                        <status status="PASS" starttime="20210225 19:40:06.562"
                                endtime="20210225 19:40:07.478"></status>
                    </kw>
                    <kw name="Click Element" library="SeleniumLibrary">
                        <doc>Click the element identified by ``locator``.</doc>
                        <arguments>
                            <arg>id:user_submit</arg>
                        </arguments>
                        <msg timestamp="20210225 19:40:07.478" level="INFO">Clicking element 'id:user_submit'.</msg>
                        <status status="PASS" starttime="20210225 19:40:07.478"
                                endtime="20210225 19:40:15.733"></status>
                    </kw>
                    <kw name="Get Text" library="SeleniumLibrary">
                        <doc>Returns the text value of the element identified by ``locator``.</doc>
                        <arguments>
                            <arg>xpath=//ul[contains(@class,'fieldErrors')]/li</arg>
                        </arguments>
                        <assign>
                            <var>${errmsgAct}</var>
                        </assign>
                        <msg timestamp="20210225 19:40:15.789" level="INFO">${errmsgAct} = Invalid Login or password.
                        </msg>
                        <status status="PASS" starttime="20210225 19:40:15.733"
                                endtime="20210225 19:40:15.789"></status>
                    </kw>
                    <kw name="Should Be Equal As Strings" library="BuiltIn">
                        <doc>Fails if objects are unequal after converting them to strings.</doc>
                        <arguments>
                            <arg>${errmsgExp}</arg>
                            <arg>${errmsgAct}</arg>
                        </arguments>
                        <msg timestamp="20210225 19:40:15.789" level="FAIL">Invalid Login or passworz. != Invalid Login
                            or password.
                        </msg>
                        <status status="FAIL" starttime="20210225 19:40:15.789"
                                endtime="20210225 19:40:15.789"></status>
                    </kw>
                    <status status="FAIL" starttime="20210225 19:39:11.786" endtime="20210225 19:40:15.789"></status>
                </kw>
                <status status="FAIL" starttime="20210225 19:39:11.786" endtime="20210225 19:40:15.797" critical="yes">
                    Invalid Login or passworz. != Invalid Login or password.
                </status>
            </test>
            <status status="FAIL" starttime="20210225 19:39:08.861" endtime="20210225 19:40:15.797"></status>
        </suite>
        <status status="FAIL" starttime="20210225 19:39:08.783" endtime="20210225 19:40:15.829"></status>
    </suite>
    <statistics>
        <total>
            <stat pass="0" fail="1">Critical Tests</stat>
            <stat pass="0" fail="1">All Tests</stat>
        </total>
        <tag>
        </tag>
        <suite>
            <stat pass="0" fail="1" id="s1" name="Suites">Suites</stat>
            <stat pass="0" fail="1" id="s1-s1" name="TC2">Suites.TC2</stat>
        </suite>
    </statistics>
    <errors>
    </errors>
</robot>
