<?xml version="1.0" encoding="UTF-8"?>
<robot generator="Robot 3.2.2 (Python 3.9.2 on win32)" generated="20210225 19:40:02.813" rpa="false">
    <suite id="s1" name="Suites">
        <suite id="s1-s1" name="TC4" source="D:\pythonPro\TestCases\TC4.robot">
            <test id="s1-s1-t1" name="LoginTest">
                <kw name="Login">
                    <kw name="Open Browser" library="SeleniumLibrary">
                        <doc>Opens a new browser instance to the optional ``url``.</doc>
                        <arguments>
                            <arg>${url}</arg>
                            <arg>${browser}</arg>
                        </arguments>
                        <msg timestamp="20210225 19:40:03.549" level="INFO">Opening browser 'chrome' to base url
                            'https://www.facebook.com/r.php'.
                        </msg>
                        <status status="PASS" starttime="20210225 19:40:03.549"
                                endtime="20210225 19:40:32.277"></status>
                    </kw>
                    <kw name="Title Should Be" library="SeleniumLibrary">
                        <doc>Verifies that the current page title equals ``title``.</doc>
                        <arguments>
                            <arg>Sign up for Facebook | Facebook</arg>
                        </arguments>
                        <msg timestamp="20210225 19:40:32.285" level="INFO">Page title is 'Sign up for Facebook |
                            Facebook'.
                        </msg>
                        <status status="PASS" starttime="20210225 19:40:32.277"
                                endtime="20210225 19:40:32.285"></status>
                    </kw>
                    <kw name="Set Selenium Implicit Wait" library="SeleniumLibrary">
                        <doc>Sets the implicit wait value used by Selenium.</doc>
                        <arguments>
                            <arg>30</arg>
                        </arguments>
                        <status status="PASS" starttime="20210225 19:40:32.285"
                                endtime="20210225 19:40:32.285"></status>
                    </kw>
                    <kw name="Input Text" library="SeleniumLibrary">
                        <doc>Types the given ``text`` into the text field identified by ``locator``.</doc>
                        <arguments>
                            <arg>name:firstname</arg>
                            <arg>fname</arg>
                        </arguments>
                        <msg timestamp="20210225 19:40:32.285" level="INFO">Typing text 'fname' into text field
                            'name:firstname'.
                        </msg>
                        <status status="PASS" starttime="20210225 19:40:32.285"
                                endtime="20210225 19:40:32.556"></status>
                    </kw>
                    <kw name="Input Text" library="SeleniumLibrary">
                        <doc>Types the given ``text`` into the text field identified by ``locator``.</doc>
                        <arguments>
                            <arg>name:lastname</arg>
                            <arg>lname</arg>
                        </arguments>
                        <msg timestamp="20210225 19:40:32.556" level="INFO">Typing text 'lname' into text field
                            'name:lastname'.
                        </msg>
                        <status status="PASS" starttime="20210225 19:40:32.556"
                                endtime="20210225 19:40:32.683"></status>
                    </kw>
                    <kw name="Input Text" library="SeleniumLibrary">
                        <doc>Types the given ``text`` into the text field identified by ``locator``.</doc>
                        <arguments>
                            <arg>name:reg_email__</arg>
                            <arg>2434232</arg>
                        </arguments>
                        <msg timestamp="20210225 19:40:32.683" level="INFO">Typing text '2434232' into text field
                            'name:reg_email__'.
                        </msg>
                        <status status="PASS" starttime="20210225 19:40:32.683"
                                endtime="20210225 19:40:32.824"></status>
                    </kw>
                    <kw name="Input Password" library="SeleniumLibrary">
                        <doc>Types the given password into the text field identified by ``locator``.</doc>
                        <arguments>
                            <arg>id:password_step_input</arg>
                            <arg>password</arg>
                        </arguments>
                        <msg timestamp="20210225 19:40:32.824" level="INFO">Typing password into text field
                            'id:password_step_input'.
                        </msg>
                        <msg timestamp="20210225 19:40:32.881" level="INFO">Temporally setting log level to: NONE</msg>
                        <msg timestamp="20210225 19:40:32.965" level="INFO">Log level changed from NONE to INFO.</msg>
                        <status status="PASS" starttime="20210225 19:40:32.824"
                                endtime="20210225 19:40:32.965"></status>
                    </kw>
                    <kw name="Select From List By Label" library="SeleniumLibrary">
                        <doc>Selects options from selection list ``locator`` by ``labels``.</doc>
                        <arguments>
                            <arg>day</arg>
                            <arg>12</arg>
                        </arguments>
                        <msg timestamp="20210225 19:40:32.965" level="INFO">Selecting options from selection list 'day'
                            by label 12.
                        </msg>
                        <status status="PASS" starttime="20210225 19:40:32.965"
                                endtime="20210225 19:40:33.672"></status>
                    </kw>
                    <kw name="Select From List By Label" library="SeleniumLibrary">
                        <doc>Selects options from selection list ``locator`` by ``labels``.</doc>
                        <arguments>
                            <arg>month</arg>
                            <arg>Jan</arg>
                        </arguments>
                        <msg timestamp="20210225 19:40:33.672" level="INFO">Selecting options from selection list
                            'month' by label Jan.
                        </msg>
                        <status status="PASS" starttime="20210225 19:40:33.672"
                                endtime="20210225 19:40:33.784"></status>
                    </kw>
                    <kw name="Select From List By Label" library="SeleniumLibrary">
                        <doc>Selects options from selection list ``locator`` by ``labels``.</doc>
                        <arguments>
                            <arg>year</arg>
                            <arg>1990</arg>
                        </arguments>
                        <msg timestamp="20210225 19:40:33.784" level="INFO">Selecting options from selection list 'year'
                            by label 1990.
                        </msg>
                        <status status="PASS" starttime="20210225 19:40:33.784"
                                endtime="20210225 19:40:33.896"></status>
                    </kw>
                    <kw name="Select Radio Button" library="SeleniumLibrary">
                        <doc>Sets the radio button group ``group_name`` to ``value``.</doc>
                        <arguments>
                            <arg>sex</arg>
                            <arg>2</arg>
                        </arguments>
                        <msg timestamp="20210225 19:40:33.896" level="INFO">Selecting '2' from radio button 'sex'.</msg>
                        <status status="PASS" starttime="20210225 19:40:33.896"
                                endtime="20210225 19:40:33.989"></status>
                    </kw>
                    <kw name="Click Element" library="SeleniumLibrary">
                        <doc>Click the element identified by ``locator``.</doc>
                        <arguments>
                            <arg>name:websubmit</arg>
                        </arguments>
                        <msg timestamp="20210225 19:40:33.989" level="INFO">Clicking element 'name:websubmit'.</msg>
                        <status status="PASS" starttime="20210225 19:40:33.989"
                                endtime="20210225 19:40:34.070"></status>
                    </kw>
                    <kw name="Get Text" library="SeleniumLibrary">
                        <doc>Returns the text value of the element identified by ``locator``.</doc>
                        <arguments>
                            <arg>xpath=//div[contains(text(),'valid mobile number ')]</arg>
                        </arguments>
                        <assign>
                            <var>${errmsgAct}</var>
                        </assign>
                        <msg timestamp="20210225 19:40:34.790" level="INFO">${errmsgAct} = Please enter a valid mobile
                            number or email address.
                        </msg>
                        <status status="PASS" starttime="20210225 19:40:34.070"
                                endtime="20210225 19:40:34.790"></status>
                    </kw>
                    <kw name="Should Be Equal As Strings" library="BuiltIn">
                        <doc>Fails if objects are unequal after converting them to strings.</doc>
                        <arguments>
                            <arg>${errmsgExp}</arg>
                            <arg>${errmsgAct}</arg>
                        </arguments>
                        <status status="PASS" starttime="20210225 19:40:34.790"
                                endtime="20210225 19:40:34.790"></status>
                    </kw>
                    <status status="PASS" starttime="20210225 19:40:03.549" endtime="20210225 19:40:34.790"></status>
                </kw>
                <kw name="Close Browser" library="SeleniumLibrary">
                    <doc>Closes the current browser.</doc>
                    <status status="PASS" starttime="20210225 19:40:34.790" endtime="20210225 19:40:41.226"></status>
                </kw>
                <status status="PASS" starttime="20210225 19:40:03.549" endtime="20210225 19:40:41.226"
                        critical="yes"></status>
            </test>
            <status status="PASS" starttime="20210225 19:40:02.877" endtime="20210225 19:40:41.226"></status>
        </suite>
        <status status="PASS" starttime="20210225 19:40:02.837" endtime="20210225 19:40:41.242"></status>
    </suite>
    <statistics>
        <total>
            <stat pass="1" fail="0">Critical Tests</stat>
            <stat pass="1" fail="0">All Tests</stat>
        </total>
        <tag>
        </tag>
        <suite>
            <stat pass="1" fail="0" id="s1" name="Suites">Suites</stat>
            <stat pass="1" fail="0" id="s1-s1" name="TC4">Suites.TC4</stat>
        </suite>
    </statistics>
    <errors>
    </errors>
</robot>
