<?xml version="1.0" encoding="UTF-8"?>
<robot generator="Rebot 3.2.2 (Python 3.9.2 on win32)" generated="20210225 19:40:42.660" rpa="false">
    <suite id="s1" name="Suites">
        <suite id="s1-s1" name="TC1" source="D:\pythonPro\TestCases\TC1.robot">
            <test id="s1-s1-t1" name="LoginTest">
                <kw name="Login">
                    <kw name="Open Browser" library="SeleniumLibrary">
                        <doc>Opens a new browser instance to the optional ``url``.</doc>
                        <arguments>
                            <arg>${url}</arg>
                            <arg>${browser}</arg>
                        </arguments>
                        <msg timestamp="20210225 19:39:11.771" level="INFO">Opening browser 'chrome' to base url
                            'https://www.facebook.com/public/Fb-Login'.
                        </msg>
                        <status status="PASS" starttime="20210225 19:39:11.771"
                                endtime="20210225 19:39:54.303"></status>
                    </kw>
                    <kw name="Input Text" library="SeleniumLibrary">
                        <doc>Types the given ``text`` into the text field identified by ``locator``.</doc>
                        <arguments>
                            <arg>id:email</arg>
                            <arg>ab@g.com</arg>
                        </arguments>
                        <msg timestamp="20210225 19:39:54.303" level="INFO">Typing text 'ab@g.com' into text field
                            'id:email'.
                        </msg>
                        <status status="PASS" starttime="20210225 19:39:54.303"
                                endtime="20210225 19:39:55.236"></status>
                    </kw>
                    <kw name="Input Text" library="SeleniumLibrary">
                        <doc>Types the given ``text`` into the text field identified by ``locator``.</doc>
                        <arguments>
                            <arg>id:pass</arg>
                            <arg>abcgd</arg>
                        </arguments>
                        <msg timestamp="20210225 19:39:55.236" level="INFO">Typing text 'abcgd' into text field
                            'id:pass'.
                        </msg>
                        <status status="PASS" starttime="20210225 19:39:55.236"
                                endtime="20210225 19:39:55.372"></status>
                    </kw>
                    <kw name="Click Element" library="SeleniumLibrary">
                        <doc>Click the element identified by ``locator``.</doc>
                        <arguments>
                            <arg>id:loginbutton</arg>
                        </arguments>
                        <msg timestamp="20210225 19:39:55.372" level="INFO">Clicking element 'id:loginbutton'.</msg>
                        <status status="PASS" starttime="20210225 19:39:55.372"
                                endtime="20210225 19:39:55.744"></status>
                    </kw>
                    <status status="PASS" starttime="20210225 19:39:11.771" endtime="20210225 19:39:55.744"></status>
                </kw>
                <kw name="Close Browser" library="SeleniumLibrary">
                    <doc>Closes the current browser.</doc>
                    <status status="PASS" starttime="20210225 19:39:55.744" endtime="20210225 19:39:58.685"></status>
                </kw>
                <status status="PASS" starttime="20210225 19:39:11.771" endtime="20210225 19:39:58.685"
                        critical="yes"></status>
            </test>
            <status status="PASS" starttime="20210225 19:39:08.861" endtime="20210225 19:39:58.685"></status>
        </suite>
        <suite id="s1-s2" name="TC2" source="D:\pythonPro\TestCases\TC2.robot">
            <test id="s1-s2-t1" name="LoginTest">
                <kw name="Login">
                    <kw name="Open Browser" library="SeleniumLibrary">
                        <doc>Opens a new browser instance to the optional ``url``.</doc>
                        <arguments>
                            <arg>${url}</arg>
                            <arg>${browser}</arg>
                        </arguments>
                        <msg timestamp="20210225 19:39:11.802" level="INFO">Opening browser 'chrome' to base url
                            'https://www.codecademy.com/'.
                        </msg>
                        <status status="PASS" starttime="20210225 19:39:11.786"
                                endtime="20210225 19:40:00.393"></status>
                    </kw>
                    <kw name="Maximize Browser Window" library="SeleniumLibrary">
                        <doc>Maximizes current browser window.</doc>
                        <status status="PASS" starttime="20210225 19:40:00.393"
                                endtime="20210225 19:40:00.569"></status>
                    </kw>
                    <kw name="Set Selenium Timeout" library="SeleniumLibrary">
                        <doc>Sets the timeout that is used by various keywords.</doc>
                        <arguments>
                            <arg>20 seconds</arg>
                        </arguments>
                        <status status="PASS" starttime="20210225 19:40:00.569"
                                endtime="20210225 19:40:00.569"></status>
                    </kw>
                    <kw name="Title Should Be" library="SeleniumLibrary">
                        <doc>Verifies that the current page title equals ``title``.</doc>
                        <arguments>
                            <arg>Learn to Code - for Free | Codecademy</arg>
                        </arguments>
                        <msg timestamp="20210225 19:40:00.709" level="INFO">Page title is 'Learn to Code - for Free |
                            Codecademy'.
                        </msg>
                        <status status="PASS" starttime="20210225 19:40:00.569"
                                endtime="20210225 19:40:00.709"></status>
                    </kw>
                    <kw name="Input Text" library="SeleniumLibrary">
                        <doc>Types the given ``text`` into the text field identified by ``locator``.</doc>
                        <arguments>
                            <arg>name:email</arg>
                            <arg>ab@g.com</arg>
                        </arguments>
                        <msg timestamp="20210225 19:40:00.709" level="INFO">Typing text 'ab@g.com' into text field
                            'name:email'.
                        </msg>
                        <status status="PASS" starttime="20210225 19:40:00.709"
                                endtime="20210225 19:40:01.085"></status>
                    </kw>
                    <kw name="Click Element" library="SeleniumLibrary">
                        <doc>Click the element identified by ``locator``.</doc>
                        <arguments>
                            <arg>xpath:((//a//span[contains(text(),'Log in')])[1])</arg>
                        </arguments>
                        <msg timestamp="20210225 19:40:01.093" level="INFO">Clicking element
                            'xpath:((//a//span[contains(text(),'Log in')])[1])'.
                        </msg>
                        <status status="PASS" starttime="20210225 19:40:01.093"
                                endtime="20210225 19:40:06.314"></status>
                    </kw>
                    <kw name="Input Text" library="SeleniumLibrary">
                        <doc>Types the given ``text`` into the text field identified by ``locator``.</doc>
                        <arguments>
                            <arg>id:user_login</arg>
                            <arg>ab@g.com</arg>
                        </arguments>
                        <msg timestamp="20210225 19:40:06.314" level="INFO">Typing text 'ab@g.com' into text field
                            'id:user_login'.
                        </msg>
                        <status status="PASS" starttime="20210225 19:40:06.314"
                                endtime="20210225 19:40:06.562"></status>
                    </kw>
                    <kw name="Input Text" library="SeleniumLibrary">
                        <doc>Types the given ``text`` into the text field identified by ``locator``.</doc>
                        <arguments>
                            <arg>id:login__user_password</arg>
                            <arg>abcom</arg>
                        </arguments>
                        <msg timestamp="20210225 19:40:06.562" level="INFO">Typing text 'abcom' into text field
                            'id:login__user_password'.
                        </msg>
                        <status status="PASS" starttime="20210225 19:40:06.562"
                                endtime="20210225 19:40:07.478"></status>
                    </kw>
                    <kw name="Click Element" library="SeleniumLibrary">
                        <doc>Click the element identified by ``locator``.</doc>
                        <arguments>
                            <arg>id:user_submit</arg>
                        </arguments>
                        <msg timestamp="20210225 19:40:07.478" level="INFO">Clicking element 'id:user_submit'.</msg>
                        <status status="PASS" starttime="20210225 19:40:07.478"
                                endtime="20210225 19:40:15.733"></status>
                    </kw>
                    <kw name="Get Text" library="SeleniumLibrary">
                        <doc>Returns the text value of the element identified by ``locator``.</doc>
                        <arguments>
                            <arg>xpath=//ul[contains(@class,'fieldErrors')]/li</arg>
                        </arguments>
                        <assign>
                            <var>${errmsgAct}</var>
                        </assign>
                        <msg timestamp="20210225 19:40:15.789" level="INFO">${errmsgAct} = Invalid Login or password.
                        </msg>
                        <status status="PASS" starttime="20210225 19:40:15.733"
                                endtime="20210225 19:40:15.789"></status>
                    </kw>
                    <kw name="Should Be Equal As Strings" library="BuiltIn">
                        <doc>Fails if objects are unequal after converting them to strings.</doc>
                        <arguments>
                            <arg>${errmsgExp}</arg>
                            <arg>${errmsgAct}</arg>
                        </arguments>
                        <msg timestamp="20210225 19:40:15.789" level="FAIL">Invalid Login or passworz. != Invalid Login
                            or password.
                        </msg>
                        <status status="FAIL" starttime="20210225 19:40:15.789"
                                endtime="20210225 19:40:15.789"></status>
                    </kw>
                    <status status="FAIL" starttime="20210225 19:39:11.786" endtime="20210225 19:40:15.789"></status>
                </kw>
                <status status="FAIL" starttime="20210225 19:39:11.786" endtime="20210225 19:40:15.797" critical="yes">
                    Invalid Login or passworz. != Invalid Login or password.
                </status>
            </test>
            <status status="FAIL" starttime="20210225 19:39:08.861" endtime="20210225 19:40:15.797"></status>
        </suite>
        <suite id="s1-s3" name="TC3" source="D:\pythonPro\TestCases\TC3.robot">
            <test id="s1-s3-t1" name="LoginTest">
                <kw name="Login">
                    <kw name="Open Browser" library="SeleniumLibrary">
                        <doc>Opens a new browser instance to the optional ``url``.</doc>
                        <arguments>
                            <arg>${url}</arg>
                            <arg>${browser}</arg>
                        </arguments>
                        <msg timestamp="20210225 19:39:11.755" level="INFO">Opening browser 'chrome' to base url
                            'https://www.codecademy.com/'.
                        </msg>
                        <status status="PASS" starttime="20210225 19:39:11.755"
                                endtime="20210225 19:40:00.773"></status>
                    </kw>
                    <kw name="Maximize Browser Window" library="SeleniumLibrary">
                        <doc>Maximizes current browser window.</doc>
                        <status status="PASS" starttime="20210225 19:40:00.773"
                                endtime="20210225 19:40:01.021"></status>
                    </kw>
                    <kw name="Set Selenium Implicit Wait" library="SeleniumLibrary">
                        <doc>Sets the implicit wait value used by Selenium.</doc>
                        <arguments>
                            <arg>30</arg>
                        </arguments>
                        <status status="PASS" starttime="20210225 19:40:01.021"
                                endtime="20210225 19:40:01.037"></status>
                    </kw>
                    <kw name="Title Should Be" library="SeleniumLibrary">
                        <doc>Verifies that the current page title equals ``title``.</doc>
                        <arguments>
                            <arg>Learn to Code - for Free | Codecademy</arg>
                        </arguments>
                        <msg timestamp="20210225 19:40:01.069" level="INFO">Page title is 'Learn to Code - for Free |
                            Codecademy'.
                        </msg>
                        <status status="PASS" starttime="20210225 19:40:01.037"
                                endtime="20210225 19:40:01.069"></status>
                    </kw>
                    <kw name="Input Text" library="SeleniumLibrary">
                        <doc>Types the given ``text`` into the text field identified by ``locator``.</doc>
                        <arguments>
                            <arg>name:email</arg>
                            <arg>ab@g.com</arg>
                        </arguments>
                        <msg timestamp="20210225 19:40:01.069" level="INFO">Typing text 'ab@g.com' into text field
                            'name:email'.
                        </msg>
                        <status status="PASS" starttime="20210225 19:40:01.069"
                                endtime="20210225 19:40:01.293"></status>
                    </kw>
                    <kw name="Click Element" library="SeleniumLibrary">
                        <doc>Click the element identified by ``locator``.</doc>
                        <arguments>
                            <arg>xpath:((//a//span[contains(text(),'Log in')])[1])</arg>
                        </arguments>
                        <msg timestamp="20210225 19:40:01.293" level="INFO">Clicking element
                            'xpath:((//a//span[contains(text(),'Log in')])[1])'.
                        </msg>
                        <status status="PASS" starttime="20210225 19:40:01.293"
                                endtime="20210225 19:40:06.886"></status>
                    </kw>
                    <kw name="Input Text" library="SeleniumLibrary">
                        <doc>Types the given ``text`` into the text field identified by ``locator``.</doc>
                        <arguments>
                            <arg>id:user_login</arg>
                            <arg>ab@g.com</arg>
                        </arguments>
                        <msg timestamp="20210225 19:40:06.886" level="INFO">Typing text 'ab@g.com' into text field
                            'id:user_login'.
                        </msg>
                        <status status="PASS" starttime="20210225 19:40:06.886"
                                endtime="20210225 19:40:07.166"></status>
                    </kw>
                    <kw name="Input Text" library="SeleniumLibrary">
                        <doc>Types the given ``text`` into the text field identified by ``locator``.</doc>
                        <arguments>
                            <arg>id:login__user_password</arg>
                            <arg>abcom</arg>
                        </arguments>
                        <msg timestamp="20210225 19:40:07.166" level="INFO">Typing text 'abcom' into text field
                            'id:login__user_password'.
                        </msg>
                        <status status="PASS" starttime="20210225 19:40:07.166"
                                endtime="20210225 19:40:07.622"></status>
                    </kw>
                    <kw name="Click Element" library="SeleniumLibrary">
                        <doc>Click the element identified by ``locator``.</doc>
                        <arguments>
                            <arg>id:user_submit</arg>
                        </arguments>
                        <msg timestamp="20210225 19:40:07.622" level="INFO">Clicking element 'id:user_submit'.</msg>
                        <status status="PASS" starttime="20210225 19:40:07.622"
                                endtime="20210225 19:40:14.577"></status>
                    </kw>
                    <kw name="Get Text" library="SeleniumLibrary">
                        <doc>Returns the text value of the element identified by ``locator``.</doc>
                        <arguments>
                            <arg>xpath=//ul[contains(@class,'fieldErrors')]/li</arg>
                        </arguments>
                        <assign>
                            <var>${errmsgAct}</var>
                        </assign>
                        <msg timestamp="20210225 19:40:15.053" level="INFO">${errmsgAct} = Invalid Login or password.
                        </msg>
                        <status status="PASS" starttime="20210225 19:40:14.577"
                                endtime="20210225 19:40:15.053"></status>
                    </kw>
                    <kw name="Should Be Equal As Strings" library="BuiltIn">
                        <doc>Fails if objects are unequal after converting them to strings.</doc>
                        <arguments>
                            <arg>${errmsgExp}</arg>
                            <arg>${errmsgAct}</arg>
                        </arguments>
                        <status status="PASS" starttime="20210225 19:40:15.053"
                                endtime="20210225 19:40:15.053"></status>
                    </kw>
                    <status status="PASS" starttime="20210225 19:39:11.755" endtime="20210225 19:40:15.053"></status>
                </kw>
                <kw name="Close Browser" library="SeleniumLibrary">
                    <doc>Closes the current browser.</doc>
                    <status status="PASS" starttime="20210225 19:40:15.053" endtime="20210225 19:40:22.282"></status>
                </kw>
                <status status="PASS" starttime="20210225 19:39:11.755" endtime="20210225 19:40:22.282"
                        critical="yes"></status>
            </test>
            <status status="PASS" starttime="20210225 19:39:08.877" endtime="20210225 19:40:22.282"></status>
        </suite>
        <suite id="s1-s4" name="TC4" source="D:\pythonPro\TestCases\TC4.robot">
            <test id="s1-s4-t1" name="LoginTest">
                <kw name="Login">
                    <kw name="Open Browser" library="SeleniumLibrary">
                        <doc>Opens a new browser instance to the optional ``url``.</doc>
                        <arguments>
                            <arg>${url}</arg>
                            <arg>${browser}</arg>
                        </arguments>
                        <msg timestamp="20210225 19:40:03.549" level="INFO">Opening browser 'chrome' to base url
                            'https://www.facebook.com/r.php'.
                        </msg>
                        <status status="PASS" starttime="20210225 19:40:03.549"
                                endtime="20210225 19:40:32.277"></status>
                    </kw>
                    <kw name="Title Should Be" library="SeleniumLibrary">
                        <doc>Verifies that the current page title equals ``title``.</doc>
                        <arguments>
                            <arg>Sign up for Facebook | Facebook</arg>
                        </arguments>
                        <msg timestamp="20210225 19:40:32.285" level="INFO">Page title is 'Sign up for Facebook |
                            Facebook'.
                        </msg>
                        <status status="PASS" starttime="20210225 19:40:32.277"
                                endtime="20210225 19:40:32.285"></status>
                    </kw>
                    <kw name="Set Selenium Implicit Wait" library="SeleniumLibrary">
                        <doc>Sets the implicit wait value used by Selenium.</doc>
                        <arguments>
                            <arg>30</arg>
                        </arguments>
                        <status status="PASS" starttime="20210225 19:40:32.285"
                                endtime="20210225 19:40:32.285"></status>
                    </kw>
                    <kw name="Input Text" library="SeleniumLibrary">
                        <doc>Types the given ``text`` into the text field identified by ``locator``.</doc>
                        <arguments>
                            <arg>name:firstname</arg>
                            <arg>fname</arg>
                        </arguments>
                        <msg timestamp="20210225 19:40:32.285" level="INFO">Typing text 'fname' into text field
                            'name:firstname'.
                        </msg>
                        <status status="PASS" starttime="20210225 19:40:32.285"
                                endtime="20210225 19:40:32.556"></status>
                    </kw>
                    <kw name="Input Text" library="SeleniumLibrary">
                        <doc>Types the given ``text`` into the text field identified by ``locator``.</doc>
                        <arguments>
                            <arg>name:lastname</arg>
                            <arg>lname</arg>
                        </arguments>
                        <msg timestamp="20210225 19:40:32.556" level="INFO">Typing text 'lname' into text field
                            'name:lastname'.
                        </msg>
                        <status status="PASS" starttime="20210225 19:40:32.556"
                                endtime="20210225 19:40:32.683"></status>
                    </kw>
                    <kw name="Input Text" library="SeleniumLibrary">
                        <doc>Types the given ``text`` into the text field identified by ``locator``.</doc>
                        <arguments>
                            <arg>name:reg_email__</arg>
                            <arg>2434232</arg>
                        </arguments>
                        <msg timestamp="20210225 19:40:32.683" level="INFO">Typing text '2434232' into text field
                            'name:reg_email__'.
                        </msg>
                        <status status="PASS" starttime="20210225 19:40:32.683"
                                endtime="20210225 19:40:32.824"></status>
                    </kw>
                    <kw name="Input Password" library="SeleniumLibrary">
                        <doc>Types the given password into the text field identified by ``locator``.</doc>
                        <arguments>
                            <arg>id:password_step_input</arg>
                            <arg>password</arg>
                        </arguments>
                        <msg timestamp="20210225 19:40:32.824" level="INFO">Typing password into text field
                            'id:password_step_input'.
                        </msg>
                        <msg timestamp="20210225 19:40:32.881" level="INFO">Temporally setting log level to: NONE</msg>
                        <msg timestamp="20210225 19:40:32.965" level="INFO">Log level changed from NONE to INFO.</msg>
                        <status status="PASS" starttime="20210225 19:40:32.824"
                                endtime="20210225 19:40:32.965"></status>
                    </kw>
                    <kw name="Select From List By Label" library="SeleniumLibrary">
                        <doc>Selects options from selection list ``locator`` by ``labels``.</doc>
                        <arguments>
                            <arg>day</arg>
                            <arg>12</arg>
                        </arguments>
                        <msg timestamp="20210225 19:40:32.965" level="INFO">Selecting options from selection list 'day'
                            by label 12.
                        </msg>
                        <status status="PASS" starttime="20210225 19:40:32.965"
                                endtime="20210225 19:40:33.672"></status>
                    </kw>
                    <kw name="Select From List By Label" library="SeleniumLibrary">
                        <doc>Selects options from selection list ``locator`` by ``labels``.</doc>
                        <arguments>
                            <arg>month</arg>
                            <arg>Jan</arg>
                        </arguments>
                        <msg timestamp="20210225 19:40:33.672" level="INFO">Selecting options from selection list
                            'month' by label Jan.
                        </msg>
                        <status status="PASS" starttime="20210225 19:40:33.672"
                                endtime="20210225 19:40:33.784"></status>
                    </kw>
                    <kw name="Select From List By Label" library="SeleniumLibrary">
                        <doc>Selects options from selection list ``locator`` by ``labels``.</doc>
                        <arguments>
                            <arg>year</arg>
                            <arg>1990</arg>
                        </arguments>
                        <msg timestamp="20210225 19:40:33.784" level="INFO">Selecting options from selection list 'year'
                            by label 1990.
                        </msg>
                        <status status="PASS" starttime="20210225 19:40:33.784"
                                endtime="20210225 19:40:33.896"></status>
                    </kw>
                    <kw name="Select Radio Button" library="SeleniumLibrary">
                        <doc>Sets the radio button group ``group_name`` to ``value``.</doc>
                        <arguments>
                            <arg>sex</arg>
                            <arg>2</arg>
                        </arguments>
                        <msg timestamp="20210225 19:40:33.896" level="INFO">Selecting '2' from radio button 'sex'.</msg>
                        <status status="PASS" starttime="20210225 19:40:33.896"
                                endtime="20210225 19:40:33.989"></status>
                    </kw>
                    <kw name="Click Element" library="SeleniumLibrary">
                        <doc>Click the element identified by ``locator``.</doc>
                        <arguments>
                            <arg>name:websubmit</arg>
                        </arguments>
                        <msg timestamp="20210225 19:40:33.989" level="INFO">Clicking element 'name:websubmit'.</msg>
                        <status status="PASS" starttime="20210225 19:40:33.989"
                                endtime="20210225 19:40:34.070"></status>
                    </kw>
                    <kw name="Get Text" library="SeleniumLibrary">
                        <doc>Returns the text value of the element identified by ``locator``.</doc>
                        <arguments>
                            <arg>xpath=//div[contains(text(),'valid mobile number ')]</arg>
                        </arguments>
                        <assign>
                            <var>${errmsgAct}</var>
                        </assign>
                        <msg timestamp="20210225 19:40:34.790" level="INFO">${errmsgAct} = Please enter a valid mobile
                            number or email address.
                        </msg>
                        <status status="PASS" starttime="20210225 19:40:34.070"
                                endtime="20210225 19:40:34.790"></status>
                    </kw>
                    <kw name="Should Be Equal As Strings" library="BuiltIn">
                        <doc>Fails if objects are unequal after converting them to strings.</doc>
                        <arguments>
                            <arg>${errmsgExp}</arg>
                            <arg>${errmsgAct}</arg>
                        </arguments>
                        <status status="PASS" starttime="20210225 19:40:34.790"
                                endtime="20210225 19:40:34.790"></status>
                    </kw>
                    <status status="PASS" starttime="20210225 19:40:03.549" endtime="20210225 19:40:34.790"></status>
                </kw>
                <kw name="Close Browser" library="SeleniumLibrary">
                    <doc>Closes the current browser.</doc>
                    <status status="PASS" starttime="20210225 19:40:34.790" endtime="20210225 19:40:41.226"></status>
                </kw>
                <status status="PASS" starttime="20210225 19:40:03.549" endtime="20210225 19:40:41.226"
                        critical="yes"></status>
            </test>
            <status status="PASS" starttime="20210225 19:40:02.877" endtime="20210225 19:40:41.226"></status>
        </suite>
        <doc>[https://pabot.org/?ref=log|Pabot] result from 4 executions.</doc>
        <status status="FAIL" starttime="20210225 19:39:08.783" endtime="20210225 19:40:41.242"></status>
    </suite>
    <statistics>
        <total>
            <stat pass="3" fail="1">Critical Tests</stat>
            <stat pass="3" fail="1">All Tests</stat>
        </total>
        <tag>
        </tag>
        <suite>
            <stat pass="3" fail="1" id="s1" name="Suites">Suites</stat>
            <stat pass="1" fail="0" id="s1-s1" name="TC1">Suites.TC1</stat>
            <stat pass="0" fail="1" id="s1-s2" name="TC2">Suites.TC2</stat>
            <stat pass="1" fail="0" id="s1-s3" name="TC3">Suites.TC3</stat>
            <stat pass="1" fail="0" id="s1-s4" name="TC4">Suites.TC4</stat>
        </suite>
    </statistics>
    <errors>
    </errors>
</robot>
